<?xml version="1.0" encoding="UTF-8"?>
<testsuite xmlns:xsi="http://www.w3.org/2001/XMLSchema-instance" xsi:noNamespaceSchemaLocation="https://maven.apache.org/surefire/maven-surefire-plugin/xsd/surefire-test-report-3.0.xsd" version="3.0" name="com.sanmartindev.clockinoutbackend.InclockgnitoBackendApplicationTests" time="10.604" tests="1" errors="0" skipped="0" failures="0">
  <properties>
[...]
</properties>
  <testcase name="contextLoads" classname="com.sanmartindev.clockinoutbackend.InclockgnitoBackendApplicationTests" time="0.467">
    <system-out><![CDATA[21:13:44.668 [main] INFO org.springframework.test.context.support.AnnotationConfigContextLoaderUtils -- Could not detect default configuration classes for test class [com.sanmartindev.clockinoutbackend.InclockgnitoBackendApplicationTests]: InclockgnitoBackendApplicationTests does not declare any static, non-private, non-final, nested classes annotated with @Configuration.
21:13:44.753 [main] INFO org.springframework.boot.test.context.SpringBootTestContextBootstrapper -- Found @SpringBootConfiguration com.sanmartindev.clockinoutbackend.InclockgnitoBackendApplication for test class com.sanmartindev.clockinoutbackend.InclockgnitoBackendApplicationTests

  .   ____          _            __ _ _
 /\\ / ___'_ __ _ _(_)_ __  __ _ \ \ \ \
( ( )\___ | '_ | '_| | '_ \/ _` | \ \ \ \
 \\/  ___)| |_)| | | | | || (_| |  ) ) ) )
  '  |____| .__|_| |_|_| |_\__, | / / / /
 =========|_|==============|___/=/_/_/_/
 :: Spring Boot ::                (v3.2.1)

2024-02-11T21:13:45.116-03:00  INFO 2976 --- [           main] .s.c.InclockgnitoBackendApplicationTests : Starting InclockgnitoBackendApplicationTests using Java 21.0.2 with PID 2976 (started by liped0id0 in C:\Users\fsa22\ProjetoBetinho\Inclockgnito-Spring-Boot-Backend\Inclockgnito)
2024-02-11T21:13:45.117-03:00  INFO 2976 --- [           main] .s.c.InclockgnitoBackendApplicationTests : No active profile set, falling back to 1 default profile: "default"
2024-02-11T21:13:45.813-03:00  INFO 2976 --- [           main] .s.d.r.c.RepositoryConfigurationDelegate : Bootstrapping Spring Data JPA repositories in DEFAULT mode.
2024-02-11T21:13:45.866-03:00  INFO 2976 --- [           main] .s.d.r.c.RepositoryConfigurationDelegate : Finished Spring Data repository scanning in 46 ms. Found 4 JPA repository interfaces.
2024-02-11T21:13:46.276-03:00  INFO 2976 --- [           main] o.hibernate.jpa.internal.util.LogHelper  : HHH000204: Processing PersistenceUnitInfo [name: default]
2024-02-11T21:13:46.326-03:00  INFO 2976 --- [           main] org.hibernate.Version                    : HHH000412: Hibernate ORM core version 6.4.1.Final
2024-02-11T21:13:46.357-03:00  INFO 2976 --- [           main] o.h.c.internal.RegionFactoryInitiator    : HHH000026: Second-level cache disabled
2024-02-11T21:13:46.573-03:00  INFO 2976 --- [           main] o.s.o.j.p.SpringPersistenceUnitInfo      : No LoadTimeWeaver setup: ignoring JPA class transformer
2024-02-11T21:13:46.597-03:00  INFO 2976 --- [           main] com.zaxxer.hikari.HikariDataSource       : HikariPool-1 - Starting...
2024-02-11T21:13:48.341-03:00  INFO 2976 --- [           main] com.zaxxer.hikari.pool.HikariPool        : HikariPool-1 - Added connection org.postgresql.jdbc.PgConnection@b86cb18
2024-02-11T21:13:48.342-03:00  INFO 2976 --- [           main] com.zaxxer.hikari.HikariDataSource       : HikariPool-1 - Start completed.
2024-02-11T21:13:49.762-03:00  INFO 2976 --- [           main] o.h.e.t.j.p.i.JtaPlatformInitiator       : HHH000489: No JTA platform available (set 'hibernate.transaction.jta.platform' to enable JTA platform integration)
2024-02-11T21:13:52.610-03:00  INFO 2976 --- [           main] j.LocalContainerEntityManagerFactoryBean : Initialized JPA EntityManagerFactory for persistence unit 'default'
2024-02-11T21:13:52.820-03:00  INFO 2976 --- [           main] o.s.d.j.r.query.QueryEnhancerFactory     : Hibernate is in classpath; If applicable, HQL parser will be used.
2024-02-11T21:13:53.551-03:00  INFO 2976 --- [           main] o.s.s.web.DefaultSecurityFilterChain     : Will secure any request with [org.springframework.security.web.session.DisableEncodeUrlFilter@7fb539df, org.springframework.security.web.context.request.async.WebAsyncManagerIntegrationFilter@2c3d46d6, org.springframework.security.web.context.SecurityContextHolderFilter@68a06914, org.springframework.security.web.header.HeaderWriterFilter@1ad28f2, org.springframework.web.filter.CorsFilter@248227db, org.springframework.security.web.authentication.logout.LogoutFilter@67599bae, com.sanmartindev.clockinoutbackend.security.Jwt.JwtTokenFilter@127c5f20, org.springframework.security.web.savedrequest.RequestCacheAwareFilter@43baf0b9, org.springframework.security.web.servletapi.SecurityContextHolderAwareRequestFilter@7d6f094e, org.springframework.security.web.authentication.AnonymousAuthenticationFilter@417c9b17, org.springframework.security.web.session.SessionManagementFilter@5fc3bf09, org.springframework.security.web.access.ExceptionTranslationFilter@18a8a40e, org.springframework.security.web.access.intercept.AuthorizationFilter@7e822c11]
2024-02-11T21:13:54.663-03:00  INFO 2976 --- [           main] .s.c.InclockgnitoBackendApplicationTests : Started InclockgnitoBackendApplicationTests in 9.793 seconds (process running for 10.543)
]]></system-out>
    <system-err><![CDATA[WARNING: A Java agent has been loaded dynamically (C:\Users\fsa22\.m2\repository\net\bytebuddy\byte-buddy-agent\1.14.10\byte-buddy-agent-1.14.10.jar)
WARNING: If a serviceability tool is in use, please run with -XX:+EnableDynamicAgentLoading to hide this warning
WARNING: If a serviceability tool is not in use, please run with -Djdk.instrument.traceUsage for more information
WARNING: Dynamic loading of agents will be disallowed by default in a future release
]]></system-err>
  </testcase>
</testsuite>